<?xml version="1.0" encoding="UTF-8"?>
<testng-results ignored="0" total="1" passed="1" failed="0" skipped="0">
  <reporter-output>
    <line>
      <![CDATA[Test requirements are gathering and test is ready]]>
    </line>
    <line>
      <![CDATA[capturing sc]]>
    </line>
    <line>
      <![CDATA[Reports generated succssfully]]>
    </line>
  </reporter-output>
  <suite started-at="2021-07-18T19:45:59 IST" name="Suite" finished-at="2021-07-18T19:46:24 IST" duration-ms="24665">
    <groups>
    </groups>
    <test started-at="2021-07-18T19:45:59 IST" name="Test" finished-at="2021-07-18T19:46:24 IST" duration-ms="24665">
      <class name="TestCases.WandLogin">
        <test-method is-config="true" signature="SetUpSuite()[pri:0, instance:TestCases.WandLogin@2dde1bff]" started-at="2021-07-18T19:45:58 IST" name="SetUpSuite" finished-at="2021-07-18T19:45:59 IST" duration-ms="1146" status="PASS">
          <reporter-output>
            <line>
              <![CDATA[Test requirements are gathering and test is ready]]>
            </line>
          </reporter-output>
        </test-method> <!-- SetUpSuite -->
        <test-method is-config="true" signature="SetUp()[pri:0, instance:TestCases.WandLogin@2dde1bff]" started-at="2021-07-18T19:45:59 IST" name="SetUp" finished-at="2021-07-18T19:46:10 IST" duration-ms="10555" status="PASS">
          <reporter-output>
          </reporter-output>
        </test-method> <!-- SetUp -->
        <test-method signature="StartApp()[pri:0, instance:TestCases.WandLogin@2dde1bff]" started-at="2021-07-18T19:46:10 IST" name="StartApp" finished-at="2021-07-18T19:46:18 IST" duration-ms="7990" status="PASS">
          <reporter-output>
          </reporter-output>
        </test-method> <!-- StartApp -->
        <test-method is-config="true" signature="teardownmethod(org.testng.ITestResult)[pri:0, instance:TestCases.WandLogin@2dde1bff]" started-at="2021-07-18T19:46:18 IST" name="teardownmethod" finished-at="2021-07-18T19:46:22 IST" duration-ms="3844" status="PASS">
          <params>
            <param index="0">
              <value>
                <![CDATA[[TestResult name=StartApp status=SUCCESS method=WandLogin.StartApp()[pri:0, instance:TestCases.WandLogin@2dde1bff] output={null}]]]>
              </value>
            </param>
          </params>
          <reporter-output>
            <line>
              <![CDATA[capturing sc]]>
            </line>
            <line>
              <![CDATA[Reports generated succssfully]]>
            </line>
          </reporter-output>
        </test-method> <!-- teardownmethod -->
        <test-method is-config="true" signature="teardown()[pri:0, instance:TestCases.WandLogin@2dde1bff]" started-at="2021-07-18T19:46:22 IST" name="teardown" finished-at="2021-07-18T19:46:24 IST" duration-ms="2224" status="PASS">
          <reporter-output>
          </reporter-output>
        </test-method> <!-- teardown -->
      </class> <!-- TestCases.WandLogin -->
    </test> <!-- Test -->
  </suite> <!-- Suite -->
</testng-results>
